<?xml version="1.0" encoding="UTF-8"?>
<!-- Generated by org.testng.reporters.JUnitXMLReporter -->
<testsuite ignored="1" hostname="DESKTOP-PQRUJ4S" failures="0" tests="2" name="Default test" time="61.272" errors="0" timestamp="2025-12-15T19:38:27 IST">
  <testcase classname="TestCases.EndToEndTest" name="multiProductNonLogin" time="24.617">
    <skipped/>
  </testcase> <!-- multiProductNonLogin -->
  <testcase classname="TestCases.EndToEndTest" name="multiProductNonLogin" time="36.43"/>
  <testcase classname="TestCases.EndToEndTest" name="submitMultiProductOrder" time="0.0">
    <ignored/>
  </testcase> <!-- submitMultiProductOrder -->
</testsuite> <!-- Default test -->
