<?xml version="1.0" encoding="UTF-8"?>
<!-- Generated by org.testng.reporters.JUnitReportReporter -->
<testsuite hostname="DESKTOP-PQRUJ4S" failures="0" tests="3" name="TestCases.EndToEndTest" time="61.047" errors="0" timestamp="2025-12-15T19:38:28 IST" skipped="2">
  <testcase classname="TestCases.EndToEndTest" name="multiProductNonLogin" time="36.430"/>
  <system-out/>
  <testcase classname="TestCases.EndToEndTest" name="multiProductNonLogin" time="24.617">
    <skipped/>
  </testcase> <!-- multiProductNonLogin -->
  <system-out/>
  <testcase classname="TestCases.EndToEndTest" name="submitMultiProductOrder">
    <skipped/>
  </testcase> <!-- submitMultiProductOrder -->
  <system-out/>
</testsuite> <!-- TestCases.EndToEndTest -->
