<?xml version="1.0" encoding="UTF-8"?>
<!-- Generated by org.testng.reporters.JUnitReportReporter -->
<testsuite hostname="DESKTOP-PQRUJ4S" failures="0" tests="5" name="TestCases.LoginTest" time="16.936" errors="0" timestamp="2025-12-15T18:27:38 IST" skipped="3">
  <testcase classname="TestCases.LoginTest" name="signInInvalidData" time="8.042"/>
  <system-out/>
  <testcase classname="TestCases.LoginTest" name="signInInvalidData" time="8.894"/>
  <system-out/>
  <testcase classname="TestCases.LoginTest" name="signUpNewUser">
    <skipped/>
  </testcase> <!-- signUpNewUser -->
  <system-out/>
  <testcase classname="TestCases.LoginTest" name="signUpExisitngUser">
    <skipped/>
  </testcase> <!-- signUpExisitngUser -->
  <system-out/>
  <testcase classname="TestCases.LoginTest" name="signInValidData">
    <skipped/>
  </testcase> <!-- signInValidData -->
  <system-out/>
</testsuite> <!-- TestCases.LoginTest -->
