<?xml version="1.0" encoding="UTF-8"?>
<!-- Generated by org.testng.reporters.JUnitReportReporter -->
<testsuite hostname="DESKTOP-PQRUJ4S" failures="0" tests="3" name="TestCases.EndToEndTest" time="218.840" errors="0" timestamp="2025-12-15T20:02:42 IST" skipped="1">
  <testcase classname="TestCases.EndToEndTest" name="multiProductNonLogin" time="37.029"/>
  <system-out/>
  <testcase classname="TestCases.EndToEndTest" name="submitMultiProductOrder" time="150.713"/>
  <system-out/>
  <testcase classname="TestCases.EndToEndTest" name="submitMultiProductOrder" time="31.098">
    <skipped/>
  </testcase> <!-- submitMultiProductOrder -->
  <system-out/>
</testsuite> <!-- TestCases.EndToEndTest -->
