<?xml version="1.0" encoding="UTF-8"?>
<!-- Generated by org.testng.reporters.JUnitXMLReporter -->
<testsuite ignored="0" hostname="DESKTOP-PQRUJ4S" failures="0" tests="3" name="E2ETests" time="219.021" errors="0" timestamp="2025-12-15T19:57:50 IST">
  <testcase classname="TestCases.EndToEndTest" name="multiProductNonLogin" time="37.029"/>
  <testcase classname="TestCases.EndToEndTest" name="submitMultiProductOrder" time="31.098">
    <skipped/>
  </testcase> <!-- submitMultiProductOrder -->
  <testcase classname="TestCases.EndToEndTest" name="submitMultiProductOrder" time="150.713"/>
</testsuite> <!-- E2ETests -->
